build/app/intermediates/proguard-rules/release/aapt_rules.txt
# Referenced at merged_manifests/release/AndroidManifest.xml:22
-keep class androidx.core.app.CoreComponentFactory { <init>(); }
# Referenced at merged_manifests/release/AndroidManifest.xml:28
-keep class com.tekdial.MainActivity { <init>(); }
# Referenced at merged_manifests/release/AndroidManifest.xml:22
-keep class io.flutter.app.FlutterApplication { <init>(); }
# Referenced at merged_manifests/release/AndroidManifest.xml:63
-keep class io.flutter.plugins.urllauncher.WebViewActivity { <init>(); }
# Referenced at res/layout/browser_actions_context_menu_page.xml:5
-keep class androidx.browser.browseractions.BrowserActionsFallbackMenuView { <init>(...); }