build/app/outputs/mapping/release/mapping.txt
# compiler: R8
# compiler_version: 1.5.64
# min_api: 16
# pg_map_id: ae1a2c3
...
io.flutter.plugins.connectivity.Connectivity -> io.flutter.plugins.a.a:
    android.net.ConnectivityManager connectivityManager -> a
    android.net.wifi.WifiManager wifiManager -> b
    android.net.ConnectivityManager getConnectivityManager() -> a
    java.lang.String getNetworkType() -> b
    java.lang.String getWifiBSSID() -> c
    java.lang.String getWifiIPAddress() -> d
    java.lang.String getWifiName() -> e
    java.lang.String getNetworkTypeLegacy() -> f
    android.net.wifi.WifiInfo getWifiInfo() -> g
io.flutter.plugins.connectivity.ConnectivityBroadcastReceiver -> io.flutter.plugins.a.b:
    android.content.Context context -> a
    android.os.Handler mainHandler -> d
    io.flutter.plugin.common.EventChannel$EventSink events -> c
    io.flutter.plugins.connectivity.Connectivity connectivity -> b
    void access$000(io.flutter.plugins.connectivity.ConnectivityBroadcastReceiver) -> a
    android.net.ConnectivityManager$NetworkCallback getNetworkCallback() -> a
    void onCancel(java.lang.Object) -> a
    void onListen(java.lang.Object,io.flutter.plugin.common.EventChannel$EventSink) -> a
    io.flutter.plugins.connectivity.Connectivity access$100(io.flutter.plugins.connectivity.ConnectivityBroadcastReceiver) -> b
    void sendEvent() -> b
    io.flutter.plugin.common.EventChannel$EventSink access$200(io.flutter.plugins.connectivity.ConnectivityBroadcastReceiver) -> c
io.flutter.plugins.connectivity.ConnectivityBroadcastReceiver$1 -> io.flutter.plugins.a.b$a:
    io.flutter.plugins.connectivity.ConnectivityBroadcastReceiver this$0 -> a
io.flutter.plugins.connectivity.ConnectivityBroadcastReceiver$2 -> io.flutter.plugins.a.b$b:
    io.flutter.plugins.connectivity.ConnectivityBroadcastReceiver this$0 -> a
io.flutter.plugins.connectivity.ConnectivityMethodChannelHandler -> io.flutter.plugins.a.c:
    io.flutter.plugins.connectivity.Connectivity connectivity -> a
    void onMethodCall(io.flutter.plugin.common.MethodCall,io.flutter.plugin.common.MethodChannel$Result) -> a
io.flutter.plugins.connectivity.ConnectivityPlugin -> io.flutter.plugins.a.d:
    io.flutter.plugin.common.EventChannel eventChannel -> b
    io.flutter.plugin.common.MethodChannel methodChannel -> a
    void onDetachedFromEngine(io.flutter.embedding.engine.plugins.FlutterPlugin$FlutterPluginBinding) -> a
    void setupChannels(io.flutter.plugin.common.BinaryMessenger,android.content.Context) -> a
    void teardownChannels() -> a
    void onAttachedToEngine(io.flutter.embedding.engine.plugins.FlutterPlugin$FlutterPluginBinding) -> b
io.flutter.plugins.urllauncher.MethodCallHandlerImpl -> io.flutter.plugins.urllauncher.a:
    io.flutter.plugins.urllauncher.UrlLauncher urlLauncher -> a
    io.flutter.plugin.common.MethodChannel channel -> b
    android.os.Bundle extractBundle(java.util.Map) -> a
    void onCanLaunch(io.flutter.plugin.common.MethodChannel$Result,java.lang.String) -> a
    void onCloseWebView(io.flutter.plugin.common.MethodChannel$Result) -> a
    void onLaunch(io.flutter.plugin.common.MethodCall,io.flutter.plugin.common.MethodChannel$Result,java.lang.String) -> a
    void onMethodCall(io.flutter.plugin.common.MethodCall,io.flutter.plugin.common.MethodChannel$Result) -> a
    void startListening(io.flutter.plugin.common.BinaryMessenger) -> a
    void stopListening() -> a
io.flutter.plugins.urllauncher.UrlLauncher -> io.flutter.plugins.urllauncher.b:
    android.content.Context applicationContext -> a
    android.app.Activity activity -> b
    boolean canLaunch(java.lang.String) -> a
    void closeWebView() -> a
    io.flutter.plugins.urllauncher.UrlLauncher$LaunchStatus launch(java.lang.String,android.os.Bundle,boolean,boolean,boolean) -> a
    void setActivity(android.app.Activity) -> a